C:\USERS\PT\DESKTOP\COOING\COOING\DEBUG\UPLOADAVATAR.OBJ
C:\USERS\PT\DESKTOP\COOING\COOING\DEBUG\SIGNIN.OBJ
C:\USERS\PT\DESKTOP\COOING\COOING\DEBUG\REGISTER.OBJ
C:\USERS\PT\DESKTOP\COOING\COOING\DEBUG\MAIN.OBJ
C:\USERS\PT\DESKTOP\COOING\COOING\DEBUG\MOC_UPLOADAVATAR.OBJ
C:\USERS\PT\DESKTOP\COOING\COOING\DEBUG\MOC_SIGNIN.OBJ
C:\USERS\PT\DESKTOP\COOING\COOING\DEBUG\MOC_REGISTER.OBJ
C:\USERS\PT\DESKTOP\COOING\COOING\DEBUG\MOC_FORGOTPASSWORD.OBJ
C:\USERS\PT\DESKTOP\COOING\COOING\DEBUG\MOC_COOING.OBJ
C:\USERS\PT\DESKTOP\COOING\COOING\DEBUG\MOC_BROWSEAVATAR.OBJ
C:\USERS\PT\DESKTOP\COOING\COOING\DEBUG\MOC_ADAPTER.OBJ
C:\USERS\PT\DESKTOP\COOING\COOING\DEBUG\FORGOTPASSWORD.OBJ
C:\USERS\PT\DESKTOP\COOING\COOING\DEBUG\COOING.OBJ
C:\USERS\PT\DESKTOP\COOING\COOING\DEBUG\BROWSEAVATAR.OBJ
C:\USERS\PT\DESKTOP\COOING\COOING\DEBUG\ADAPTER.OBJ
C:\USERS\PT\DESKTOP\COOING\COOING\DEBUG\VC110.PDB
C:\USERS\PT\DESKTOP\COOING\COOING\DEBUG\QRC_COOING.OBJ
C:\Users\PT\Desktop\Cooing\Win32\Debug\Cooing.lib
C:\Users\PT\Desktop\Cooing\Win32\Debug\Cooing.exp
C:\USERS\PT\DESKTOP\COOING\COOING\GENERATEDFILES\UI_COOING.H
C:\USERS\PT\DESKTOP\COOING\COOING\GENERATEDFILES\DEBUG\MOC_FORGOTPASSWORD.CPP
C:\USERS\PT\DESKTOP\COOING\COOING\GENERATEDFILES\DEBUG\MOC_BROWSEAVATAR.CPP
C:\USERS\PT\DESKTOP\COOING\COOING\GENERATEDFILES\DEBUG\MOC_ADAPTER.CPP
C:\USERS\PT\DESKTOP\COOING\COOING\GENERATEDFILES\DEBUG\MOC_UPLOADAVATAR.CPP
C:\USERS\PT\DESKTOP\COOING\COOING\GENERATEDFILES\DEBUG\MOC_REGISTER.CPP
C:\USERS\PT\DESKTOP\COOING\COOING\GENERATEDFILES\DEBUG\MOC_SIGNIN.CPP
C:\USERS\PT\DESKTOP\COOING\COOING\GENERATEDFILES\QRC_COOING.CPP
C:\USERS\PT\DESKTOP\COOING\COOING\GENERATEDFILES\UI_SIGNIN.H
C:\USERS\PT\DESKTOP\COOING\COOING\GENERATEDFILES\UI_REGISTER.H
C:\USERS\PT\DESKTOP\COOING\COOING\GENERATEDFILES\UI_UPLOADAVATAR.H
C:\USERS\PT\DESKTOP\COOING\COOING\GENERATEDFILES\UI_FORGOTPASSWORD.H
C:\USERS\PT\DESKTOP\COOING\COOING\GENERATEDFILES\UI_BROWSEAVATAR.H
C:\USERS\PT\DESKTOP\COOING\COOING\GENERATEDFILES\DEBUG\MOC_COOING.CPP
C:\USERS\PT\DESKTOP\COOING\WIN32\DEBUG\COOING.ILK
C:\USERS\PT\DESKTOP\COOING\WIN32\DEBUG\COOING.EXE
C:\USERS\PT\DESKTOP\COOING\WIN32\DEBUG\COOING.PDB
C:\USERS\PT\DESKTOP\COOING\COOING\DEBUG\COOING.RES
C:\Users\PT\Desktop\Cooing\Cooing\Debug\Adapter.obj
C:\Users\PT\Desktop\Cooing\Cooing\Debug\BrowseAvatar.obj
C:\Users\PT\Desktop\Cooing\Cooing\Debug\Cooing.obj
C:\Users\PT\Desktop\Cooing\Cooing\Debug\ForgotPassword.obj
C:\Users\PT\Desktop\Cooing\Cooing\Debug\main.obj
C:\Users\PT\Desktop\Cooing\Cooing\Debug\moc_Adapter.obj
C:\Users\PT\Desktop\Cooing\Cooing\Debug\moc_BrowseAvatar.obj
C:\Users\PT\Desktop\Cooing\Cooing\Debug\moc_Cooing.obj
C:\Users\PT\Desktop\Cooing\Cooing\Debug\moc_ForgotPassword.obj
C:\Users\PT\Desktop\Cooing\Cooing\Debug\moc_Register.obj
C:\Users\PT\Desktop\Cooing\Cooing\Debug\moc_SignIn.obj
C:\Users\PT\Desktop\Cooing\Cooing\Debug\moc_UploadAvatar.obj
C:\Users\PT\Desktop\Cooing\Cooing\Debug\qrc_Cooing.obj
C:\Users\PT\Desktop\Cooing\Cooing\Debug\Register.obj
C:\Users\PT\Desktop\Cooing\Cooing\Debug\SignIn.obj
C:\Users\PT\Desktop\Cooing\Cooing\Debug\UploadAvatar.obj
C:\Users\PT\Desktop\Cooing\Cooing\Debug\cl.command.1.tlog
C:\Users\PT\Desktop\Cooing\Cooing\Debug\CL.read.1.tlog
C:\Users\PT\Desktop\Cooing\Cooing\Debug\CL.write.1.tlog
C:\Users\PT\Desktop\Cooing\Cooing\Debug\Cooing.write.1.tlog
C:\Users\PT\Desktop\Cooing\Cooing\Debug\custombuild.command.1.tlog
C:\Users\PT\Desktop\Cooing\Cooing\Debug\custombuild.read.1.tlog
C:\Users\PT\Desktop\Cooing\Cooing\Debug\custombuild.write.1.tlog
C:\Users\PT\Desktop\Cooing\Cooing\Debug\link-cvtres.read.1.tlog
C:\Users\PT\Desktop\Cooing\Cooing\Debug\link-cvtres.write.1.tlog
C:\Users\PT\Desktop\Cooing\Cooing\Debug\link-rc.read.1.tlog
C:\Users\PT\Desktop\Cooing\Cooing\Debug\link-rc.write.1.tlog
C:\Users\PT\Desktop\Cooing\Cooing\Debug\link.7192-cvtres.read.1.tlog
C:\Users\PT\Desktop\Cooing\Cooing\Debug\link.7192-cvtres.write.1.tlog
C:\Users\PT\Desktop\Cooing\Cooing\Debug\link.7192-rc.read.1.tlog
C:\Users\PT\Desktop\Cooing\Cooing\Debug\link.7192-rc.write.1.tlog
C:\Users\PT\Desktop\Cooing\Cooing\Debug\link.7192.read.1.tlog
C:\Users\PT\Desktop\Cooing\Cooing\Debug\link.7192.write.1.tlog
C:\Users\PT\Desktop\Cooing\Cooing\Debug\link.command.1.tlog
C:\Users\PT\Desktop\Cooing\Cooing\Debug\link.read.1.tlog
C:\Users\PT\Desktop\Cooing\Cooing\Debug\link.write.1.tlog
C:\Users\PT\Desktop\Cooing\Cooing\Debug\rc.command.1.tlog
C:\Users\PT\Desktop\Cooing\Cooing\Debug\rc.read.1.tlog
C:\Users\PT\Desktop\Cooing\Cooing\Debug\rc.write.1.tlog
C:\Users\PT\Desktop\Cooing\Cooing\Debug\Cooing.res
C:\Users\PT\Desktop\Cooing\Cooing\Debug\vc110.pdb
C:\Users\PT\Desktop\Cooing\Win32\Debug\Cooing.pdb
C:\Users\PT\Desktop\Cooing\Win32\Debug\Cooing.exe
C:\Users\PT\Desktop\Cooing\Win32\Debug\Cooing.ilk
